*** Now run 'make gdb'.
***
WARNING: Image format was not specified for 'obj/kern/kernel.img' and probing guessed raw.
         Automatically detecting the format is dangerous for raw images, write operations on block 0 will be restricted.
         Specify the 'raw' format explicitly to remove the restrictions.
c[?7l[2J[0mSeaBIOS (version rel-1.11.0-0-g63451fca13-prebuilt.qemu-project.org)


iPXE (http://ipxe.org) 00:03.0 C980 PCI2.10 PnP PMM+07F915A0+07EF15A0 C980
Press Ctrl-B to configure iPXE (PCI 00:03.0)...                                                                               


Booting from Hard Disk..6828 decimal is 15254 octal!
entering test_backtrace 5
entering test_backtrace 4
entering test_backtrace 3
entering test_backtrace 2
entering test_backtrace 1
entering test_backtrace 0
Stack backtrace:
 ebp f010ff18 eip f0100087 args 00000000 00000000 00000000 00000000 f01009f2 
    kern/init.c:102:test_backtrace+71
 ebp f010ff38 eip f0100069 args 00000000 00000001 f010ff78 00000000 f01009f2 
    kern/init.c:100:test_backtrace+41
 ebp f010ff58 eip f0100069 args 00000001 00000002 f010ff98 00000000 f01009f2 
    kern/init.c:100:test_backtrace+41
 ebp f010ff78 eip f0100069 args 00000002 00000003 f010ffb8 00000000 f01009f2 
    kern/init.c:100:test_backtrace+41
 ebp f010ff98 eip f0100069 args 00000003 00000004 00000000 00000000 00000000 
    kern/init.c:100:test_backtrace+41
 ebp f010ffb8 eip f0100069 args 00000004 00000005 00000000 00010094 00010094 
    kern/init.c:100:test_backtrace+41
 ebp f010ffd8 eip f01000ea args 00000005 00001aac 00000644 00000000 00000000 
    kern/init.c:111:i386_init+77
 ebp f010fff8 eip f010003e args 00111021 00000000 00000000 00000000 00000000 
    kern/entry.S:14:<unknown>+0
leaving test_backtrace 0
leaving test_backtrace 1
leaving test_backtrace 2
leaving test_backtrace 3
leaving test_backtrace 4
leaving test_backtrace 5
Welcome to the JOS kernel monitor!
Type 'help' for a list of commands.
qemu-system-i386: terminating on signal 15 from pid 9869 (make)
